110303 15:03:58 [Note] Plugin 'FEDERATED' is disabled.
InnoDB: The InnoDB memory heap is disabled
InnoDB: Mutexes and rw_locks use Windows interlocked functions
InnoDB: Compressed tables use zlib 1.2.3
110303 15:03:58  InnoDB: Initializing buffer pool, size = 16.0M
110303 15:03:58  InnoDB: Completed initialization of buffer pool
110303 15:03:58  InnoDB: highest supported file format is Barracuda.
InnoDB: The log sequence number in ibdata files does not match
InnoDB: the log sequence number in the ib_logfiles!
110303 15:03:59  InnoDB: Database was not shut down normally!
InnoDB: Starting crash recovery.
InnoDB: Reading tablespace information from the .ibd files...
InnoDB: Restoring possible half-written data pages from the doublewrite
InnoDB: buffer...
110303 15:04:05  InnoDB: 1.1.4 started; log sequence number 269489306
110303 15:04:06 [Note] Event Scheduler: Loaded 0 events
110303 15:04:06 [Note] mysql\bin\mysqld: ready for connections.
Version: '5.5.8'  socket: ''  port: 3306  MySQL Community Server (GPL)
110303 15:16:22 [Note] Plugin 'FEDERATED' is disabled.
InnoDB: The InnoDB memory heap is disabled
InnoDB: Mutexes and rw_locks use Windows interlocked functions
InnoDB: Compressed tables use zlib 1.2.3
110303 15:16:23  InnoDB: Initializing buffer pool, size = 16.0M
110303 15:16:23  InnoDB: Completed initialization of buffer pool
110303 15:16:23  InnoDB: highest supported file format is Barracuda.
InnoDB: The log sequence number in ibdata files does not match
InnoDB: the log sequence number in the ib_logfiles!
110303 15:16:23  InnoDB: Database was not shut down normally!
InnoDB: Starting crash recovery.
InnoDB: Reading tablespace information from the .ibd files...
InnoDB: Restoring possible half-written data pages from the doublewrite
InnoDB: buffer...
110303 15:16:26  InnoDB: 1.1.4 started; log sequence number 270478140
110303 15:16:27 [Note] Event Scheduler: Loaded 0 events
110303 15:16:27 [Note] mysql\bin\mysqld: ready for connections.
Version: '5.5.8'  socket: ''  port: 3306  MySQL Community Server (GPL)
110303 15:18:35 [Note] Plugin 'FEDERATED' is disabled.
InnoDB: The InnoDB memory heap is disabled
InnoDB: Mutexes and rw_locks use Windows interlocked functions
InnoDB: Compressed tables use zlib 1.2.3
110303 15:18:35  InnoDB: Initializing buffer pool, size = 16.0M
110303 15:18:35  InnoDB: Completed initialization of buffer pool
110303 15:18:35  InnoDB: highest supported file format is Barracuda.
InnoDB: The log sequence number in ibdata files does not match
InnoDB: the log sequence number in the ib_logfiles!
110303 15:18:35  InnoDB: Database was not shut down normally!
InnoDB: Starting crash recovery.
InnoDB: Reading tablespace information from the .ibd files...
InnoDB: Restoring possible half-written data pages from the doublewrite
InnoDB: buffer...
110303 15:18:39  InnoDB: 1.1.4 started; log sequence number 270497841
110303 15:18:39 [Note] Event Scheduler: Loaded 0 events
110303 15:18:39 [Note] mysql\bin\mysqld: ready for connections.
Version: '5.5.8'  socket: ''  port: 3306  MySQL Community Server (GPL)
110303 15:22:33 [Note] Plugin 'FEDERATED' is disabled.
InnoDB: The InnoDB memory heap is disabled
InnoDB: Mutexes and rw_locks use Windows interlocked functions
InnoDB: Compressed tables use zlib 1.2.3
110303 15:22:33  InnoDB: Initializing buffer pool, size = 16.0M
110303 15:22:33  InnoDB: Completed initialization of buffer pool
110303 15:22:34  InnoDB: highest supported file format is Barracuda.
InnoDB: Log scan progressed past the checkpoint lsn 270574875
110303 15:22:34  InnoDB: Database was not shut down normally!
InnoDB: Starting crash recovery.
InnoDB: Reading tablespace information from the .ibd files...
InnoDB: Restoring possible half-written data pages from the doublewrite
InnoDB: buffer...
InnoDB: Doing recovery: scanned up to log sequence number 270575229
110303 15:22:44  InnoDB: Starting an apply batch of log records to the database...
InnoDB: Progress in percents: 7 8 9 10 11 12 13 14 15 16 17 18 19 20 21 22 23 24 25 26 27 28 29 30 31 32 33 34 35 36 37 38 39 40 41 42 43 44 45 46 47 48 49 50 51 52 53 54 55 56 57 58 59 60 61 62 63 64 65 66 67 68 69 70 71 72 73 74 75 76 77 78 79 80 81 82 83 84 85 86 87 88 89 90 91 92 93 94 95 96 97 98 99 
InnoDB: Apply batch completed
110303 15:22:44  InnoDB: 1.1.4 started; log sequence number 270575229
110303 15:22:45 [Note] Event Scheduler: Loaded 0 events
110303 15:22:45 [Note] mysql\bin\mysqld: ready for connections.
Version: '5.5.8'  socket: ''  port: 3306  MySQL Community Server (GPL)
110303 15:23:07 [Note] Plugin 'FEDERATED' is disabled.
InnoDB: The InnoDB memory heap is disabled
InnoDB: Mutexes and rw_locks use Windows interlocked functions
InnoDB: Compressed tables use zlib 1.2.3
110303 15:23:07  InnoDB: Initializing buffer pool, size = 16.0M
110303 15:23:07  InnoDB: Completed initialization of buffer pool
110303 15:23:07  InnoDB: highest supported file format is Barracuda.
InnoDB: The log sequence number in ibdata files does not match
InnoDB: the log sequence number in the ib_logfiles!
110303 15:23:07  InnoDB: Database was not shut down normally!
InnoDB: Starting crash recovery.
InnoDB: Reading tablespace information from the .ibd files...
InnoDB: Restoring possible half-written data pages from the doublewrite
InnoDB: buffer...
110303 15:23:10  InnoDB: 1.1.4 started; log sequence number 270575796
110303 15:23:10 [Note] Event Scheduler: Loaded 0 events
110303 15:23:10 [Note] mysql\bin\mysqld: ready for connections.
Version: '5.5.8'  socket: ''  port: 3306  MySQL Community Server (GPL)
110303 15:24:39 [Note] Plugin 'FEDERATED' is disabled.
InnoDB: The InnoDB memory heap is disabled
InnoDB: Mutexes and rw_locks use Windows interlocked functions
InnoDB: Compressed tables use zlib 1.2.3
110303 15:24:39  InnoDB: Initializing buffer pool, size = 16.0M
110303 15:24:39  InnoDB: Completed initialization of buffer pool
110303 15:24:39  InnoDB: highest supported file format is Barracuda.
InnoDB: The log sequence number in ibdata files does not match
InnoDB: the log sequence number in the ib_logfiles!
110303 15:24:39  InnoDB: Database was not shut down normally!
InnoDB: Starting crash recovery.
InnoDB: Reading tablespace information from the .ibd files...
InnoDB: Restoring possible half-written data pages from the doublewrite
InnoDB: buffer...
110303 15:24:44  InnoDB: 1.1.4 started; log sequence number 270575838
110303 15:24:44 [Note] Event Scheduler: Loaded 0 events
110303 15:24:44 [Note] mysql\bin\mysqld: ready for connections.
Version: '5.5.8'  socket: ''  port: 3306  MySQL Community Server (GPL)
110303 15:25:45 [Note] Plugin 'FEDERATED' is disabled.
InnoDB: The InnoDB memory heap is disabled
InnoDB: Mutexes and rw_locks use Windows interlocked functions
InnoDB: Compressed tables use zlib 1.2.3
110303 15:25:45  InnoDB: Initializing buffer pool, size = 16.0M
110303 15:25:45  InnoDB: Completed initialization of buffer pool
110303 15:25:46  InnoDB: highest supported file format is Barracuda.
InnoDB: The log sequence number in ibdata files does not match
InnoDB: the log sequence number in the ib_logfiles!
110303 15:25:46  InnoDB: Database was not shut down normally!
InnoDB: Starting crash recovery.
InnoDB: Reading tablespace information from the .ibd files...
InnoDB: Restoring possible half-written data pages from the doublewrite
InnoDB: buffer...
110303 15:25:54  InnoDB: 1.1.4 started; log sequence number 270575838
110303 15:25:55 [Note] Event Scheduler: Loaded 0 events
110303 15:25:55 [Note] mysql\bin\mysqld: ready for connections.
Version: '5.5.8'  socket: ''  port: 3306  MySQL Community Server (GPL)
110303 15:27:41 [Note] Plugin 'FEDERATED' is disabled.
InnoDB: The InnoDB memory heap is disabled
InnoDB: Mutexes and rw_locks use Windows interlocked functions
InnoDB: Compressed tables use zlib 1.2.3
110303 15:27:41  InnoDB: Initializing buffer pool, size = 16.0M
110303 15:27:41  InnoDB: Completed initialization of buffer pool
110303 15:27:41  InnoDB: highest supported file format is Barracuda.
InnoDB: The log sequence number in ibdata files does not match
InnoDB: the log sequence number in the ib_logfiles!
110303 15:27:41  InnoDB: Database was not shut down normally!
InnoDB: Starting crash recovery.
InnoDB: Reading tablespace information from the .ibd files...
InnoDB: Restoring possible half-written data pages from the doublewrite
InnoDB: buffer...
110303 15:27:46  InnoDB: 1.1.4 started; log sequence number 271075221
110303 15:27:47 [Note] Event Scheduler: Loaded 0 events
110303 15:27:47 [Note] mysql\bin\mysqld: ready for connections.
Version: '5.5.8'  socket: ''  port: 3306  MySQL Community Server (GPL)
110303 15:28:38 [Note] Plugin 'FEDERATED' is disabled.
InnoDB: The InnoDB memory heap is disabled
InnoDB: Mutexes and rw_locks use Windows interlocked functions
InnoDB: Compressed tables use zlib 1.2.3
110303 15:28:38  InnoDB: Initializing buffer pool, size = 16.0M
110303 15:28:38  InnoDB: Completed initialization of buffer pool
110303 15:28:38  InnoDB: highest supported file format is Barracuda.
InnoDB: The log sequence number in ibdata files does not match
InnoDB: the log sequence number in the ib_logfiles!
110303 15:28:38  InnoDB: Database was not shut down normally!
InnoDB: Starting crash recovery.
InnoDB: Reading tablespace information from the .ibd files...
InnoDB: Restoring possible half-written data pages from the doublewrite
InnoDB: buffer...
110303 15:28:42  InnoDB: 1.1.4 started; log sequence number 271076256
110303 15:28:42 [Note] Event Scheduler: Loaded 0 events
110303 15:28:42 [Note] mysql\bin\mysqld: ready for connections.
Version: '5.5.8'  socket: ''  port: 3306  MySQL Community Server (GPL)
110303 15:31:09 [Note] Plugin 'FEDERATED' is disabled.
InnoDB: The InnoDB memory heap is disabled
InnoDB: Mutexes and rw_locks use Windows interlocked functions
InnoDB: Compressed tables use zlib 1.2.3
110303 15:31:09  InnoDB: Initializing buffer pool, size = 16.0M
110303 15:31:09  InnoDB: Completed initialization of buffer pool
110303 15:31:09  InnoDB: highest supported file format is Barracuda.
InnoDB: The log sequence number in ibdata files does not match
InnoDB: the log sequence number in the ib_logfiles!
110303 15:31:10  InnoDB: Database was not shut down normally!
InnoDB: Starting crash recovery.
InnoDB: Reading tablespace information from the .ibd files...
InnoDB: Restoring possible half-written data pages from the doublewrite
InnoDB: buffer...
110303 15:31:14  InnoDB: 1.1.4 started; log sequence number 271220302
110303 15:31:14 [Note] Event Scheduler: Loaded 0 events
110303 15:31:14 [Note] mysql\bin\mysqld: ready for connections.
Version: '5.5.8'  socket: ''  port: 3306  MySQL Community Server (GPL)
110303 15:42:03 [Note] Plugin 'FEDERATED' is disabled.
InnoDB: The InnoDB memory heap is disabled
InnoDB: Mutexes and rw_locks use Windows interlocked functions
InnoDB: Compressed tables use zlib 1.2.3
110303 15:42:03  InnoDB: Initializing buffer pool, size = 16.0M
110303 15:42:03  InnoDB: Completed initialization of buffer pool
110303 15:42:03  InnoDB: highest supported file format is Barracuda.
InnoDB: The log sequence number in ibdata files does not match
InnoDB: the log sequence number in the ib_logfiles!
110303 15:42:03  InnoDB: Database was not shut down normally!
InnoDB: Starting crash recovery.
InnoDB: Reading tablespace information from the .ibd files...
InnoDB: Restoring possible half-written data pages from the doublewrite
InnoDB: buffer...
110303 15:42:08  InnoDB: 1.1.4 started; log sequence number 274279518
110303 15:42:08 [Note] Event Scheduler: Loaded 0 events
110303 15:42:08 [Note] mysql\bin\mysqld: ready for connections.
Version: '5.5.8'  socket: ''  port: 3306  MySQL Community Server (GPL)
